<?xml version="1.0" encoding="UTF-8"?>
<!-- Generated by org.testng.reporters.JUnitReportReporter -->
<testsuite hostname="DESKTOP-0LC4GSM" failures="0" tests="1" name="mavenforjenkins.UITest" time="6.327" errors="0" timestamp="2021-10-10T23:20:17 IST" skipped="0">
  <testcase classname="mavenforjenkins.UITest" name="startBrowser" time="6.327"/>
  <system-out/>
</testsuite> <!-- mavenforjenkins.UITest -->
